2019-04-24 16:08:09,543 WARN  [main] util.NativeCodeLoader (NativeCodeLoader.java:<clinit>(62)) - Unable to load native-hadoop library for your platform... using builtin-java classes where applicable
2019-04-24 16:08:09,881 INFO  [main] jvm.JvmMetrics (JvmMetrics.java:init(76)) - Initializing JVM Metrics with processName=JobTracker, sessionId=
2019-04-24 16:08:09,944 INFO  [main] jvm.JvmMetrics (JvmMetrics.java:init(71)) - Cannot initialize JVM Metrics with processName=JobTracker, sessionId= - already initialized
2019-04-24 16:08:10,786 WARN  [main] mapreduce.JobResourceUploader (JobResourceUploader.java:uploadFiles(171)) - No job jar file set.  User classes may not be found. See Job or Job#setJar(String).
2019-04-24 16:08:10,815 INFO  [main] mapred.FileInputFormat (FileInputFormat.java:listStatus(249)) - Total input paths to process : 1
2019-04-24 16:08:10,887 INFO  [main] mapreduce.JobSubmitter (JobSubmitter.java:submitJobInternal(198)) - number of splits:1
2019-04-24 16:08:11,228 INFO  [main] mapreduce.JobSubmitter (JobSubmitter.java:printTokens(287)) - Submitting tokens for job: job_local1516924119_0001
2019-04-24 16:08:11,593 INFO  [main] mapreduce.Job (Job.java:submit(1294)) - The url to track the job: http://localhost:8080/
2019-04-24 16:08:11,597 INFO  [main] mapreduce.Job (Job.java:monitorAndPrintJob(1339)) - Running job: job_local1516924119_0001
2019-04-24 16:08:11,601 INFO  [Thread-18] mapred.LocalJobRunner (LocalJobRunner.java:createOutputCommitter(471)) - OutputCommitter set in config null
2019-04-24 16:08:11,604 INFO  [Thread-18] mapred.LocalJobRunner (LocalJobRunner.java:createOutputCommitter(489)) - OutputCommitter is org.apache.hadoop.mapred.FileOutputCommitter
2019-04-24 16:08:11,611 INFO  [Thread-18] output.FileOutputCommitter (FileOutputCommitter.java:<init>(108)) - File Output Committer Algorithm version is 1
2019-04-24 16:08:11,718 INFO  [Thread-18] mapred.LocalJobRunner (LocalJobRunner.java:runTasks(448)) - Waiting for map tasks
2019-04-24 16:08:11,724 INFO  [LocalJobRunner Map Task Executor #0] mapred.LocalJobRunner (LocalJobRunner.java:run(224)) - Starting task: attempt_local1516924119_0001_m_000000_0
2019-04-24 16:08:11,818 INFO  [LocalJobRunner Map Task Executor #0] output.FileOutputCommitter (FileOutputCommitter.java:<init>(108)) - File Output Committer Algorithm version is 1
2019-04-24 16:08:11,858 INFO  [LocalJobRunner Map Task Executor #0] mapred.Task (Task.java:initialize(614)) -  Using ResourceCalculatorProcessTree : [ ]
2019-04-24 16:08:11,917 INFO  [LocalJobRunner Map Task Executor #0] mapred.MapTask (MapTask.java:updateJobWithSplit(485)) - Processing split: file:/home/pda/eclipse-workspace/Project/hdfs.txt:0+21130240
2019-04-24 16:08:11,930 INFO  [LocalJobRunner Map Task Executor #0] mapred.MapTask (MapTask.java:runOldMapper(439)) - numReduceTasks: 1
2019-04-24 16:08:12,264 INFO  [LocalJobRunner Map Task Executor #0] mapred.MapTask (MapTask.java:setEquator(1205)) - (EQUATOR) 0 kvi 26214396(104857584)
2019-04-24 16:08:12,265 INFO  [LocalJobRunner Map Task Executor #0] mapred.MapTask (MapTask.java:init(998)) - mapreduce.task.io.sort.mb: 100
2019-04-24 16:08:12,265 INFO  [LocalJobRunner Map Task Executor #0] mapred.MapTask (MapTask.java:init(999)) - soft limit at 83886080
2019-04-24 16:08:12,266 INFO  [LocalJobRunner Map Task Executor #0] mapred.MapTask (MapTask.java:init(1000)) - bufstart = 0; bufvoid = 104857600
2019-04-24 16:08:12,267 INFO  [LocalJobRunner Map Task Executor #0] mapred.MapTask (MapTask.java:init(1001)) - kvstart = 26214396; length = 6553600
2019-04-24 16:08:12,271 INFO  [LocalJobRunner Map Task Executor #0] mapred.MapTask (MapTask.java:createSortingCollector(403)) - Map output collector class = org.apache.hadoop.mapred.MapTask$MapOutputBuffer
2019-04-24 16:08:12,600 INFO  [main] mapreduce.Job (Job.java:monitorAndPrintJob(1360)) - Job job_local1516924119_0001 running in uber mode : false
2019-04-24 16:08:12,608 INFO  [main] mapreduce.Job (Job.java:monitorAndPrintJob(1367)) -  map 0% reduce 0%
2019-04-24 16:08:13,657 INFO  [LocalJobRunner Map Task Executor #0] mapred.LocalJobRunner (LocalJobRunner.java:statusUpdate(591)) - 
2019-04-24 16:08:13,658 INFO  [LocalJobRunner Map Task Executor #0] mapred.MapTask (MapTask.java:flush(1460)) - Starting flush of map output
2019-04-24 16:08:13,658 INFO  [LocalJobRunner Map Task Executor #0] mapred.MapTask (MapTask.java:flush(1482)) - Spilling map output
2019-04-24 16:08:13,658 INFO  [LocalJobRunner Map Task Executor #0] mapred.MapTask (MapTask.java:flush(1483)) - bufstart = 0; bufend = 21136389; bufvoid = 104857600
2019-04-24 16:08:13,658 INFO  [LocalJobRunner Map Task Executor #0] mapred.MapTask (MapTask.java:flush(1485)) - kvstart = 26214396(104857584); kvend = 25944284(103777136); length = 270113/6553600
2019-04-24 16:08:14,348 INFO  [LocalJobRunner Map Task Executor #0] mapred.MapTask (MapTask.java:sortAndSpill(1667)) - Finished spill 0
2019-04-24 16:08:14,354 INFO  [LocalJobRunner Map Task Executor #0] mapred.Task (Task.java:done(1046)) - Task:attempt_local1516924119_0001_m_000000_0 is done. And is in the process of committing
2019-04-24 16:08:14,365 INFO  [LocalJobRunner Map Task Executor #0] mapred.LocalJobRunner (LocalJobRunner.java:statusUpdate(591)) - file:/home/pda/eclipse-workspace/Project/hdfs.txt:0+21130240
2019-04-24 16:08:14,365 INFO  [LocalJobRunner Map Task Executor #0] mapred.Task (Task.java:sendDone(1184)) - Task 'attempt_local1516924119_0001_m_000000_0' done.
2019-04-24 16:08:14,373 INFO  [LocalJobRunner Map Task Executor #0] mapred.Task (Task.java:done(1080)) - Final Counters for attempt_local1516924119_0001_m_000000_0: Counters: 17
	File System Counters
		FILE: Number of bytes read=21130399
		FILE: Number of bytes written=21557677
		FILE: Number of read operations=0
		FILE: Number of large read operations=0
		FILE: Number of write operations=0
	Map-Reduce Framework
		Map input records=67529
		Map output records=67529
		Map output bytes=21136389
		Map output materialized bytes=21341488
		Input split bytes=101
		Combine input records=0
		Spilled Records=67529
		Failed Shuffles=0
		Merged Map outputs=0
		GC time elapsed (ms)=96
		Total committed heap usage (bytes)=244318208
	File Input Format Counters 
		Bytes Read=21130240
2019-04-24 16:08:14,373 INFO  [LocalJobRunner Map Task Executor #0] mapred.LocalJobRunner (LocalJobRunner.java:run(249)) - Finishing task: attempt_local1516924119_0001_m_000000_0
2019-04-24 16:08:14,374 INFO  [Thread-18] mapred.LocalJobRunner (LocalJobRunner.java:runTasks(456)) - map task executor complete.
2019-04-24 16:08:14,377 INFO  [Thread-18] mapred.LocalJobRunner (LocalJobRunner.java:runTasks(448)) - Waiting for reduce tasks
2019-04-24 16:08:14,382 INFO  [pool-3-thread-1] mapred.LocalJobRunner (LocalJobRunner.java:run(302)) - Starting task: attempt_local1516924119_0001_r_000000_0
2019-04-24 16:08:14,400 INFO  [pool-3-thread-1] output.FileOutputCommitter (FileOutputCommitter.java:<init>(108)) - File Output Committer Algorithm version is 1
2019-04-24 16:08:14,401 INFO  [pool-3-thread-1] mapred.Task (Task.java:initialize(614)) -  Using ResourceCalculatorProcessTree : [ ]
2019-04-24 16:08:14,423 INFO  [pool-3-thread-1] mapred.ReduceTask (ReduceTask.java:run(362)) - Using ShuffleConsumerPlugin: org.apache.hadoop.mapreduce.task.reduce.Shuffle@42423093
2019-04-24 16:08:14,439 INFO  [pool-3-thread-1] reduce.MergeManagerImpl (MergeManagerImpl.java:<init>(205)) - MergerManager: memoryLimit=492149152, maxSingleShuffleLimit=123037288, mergeThreshold=324818464, ioSortFactor=10, memToMemMergeOutputsThreshold=10
2019-04-24 16:08:14,451 INFO  [EventFetcher for fetching Map Completion Events] reduce.EventFetcher (EventFetcher.java:run(61)) - attempt_local1516924119_0001_r_000000_0 Thread started: EventFetcher for fetching Map Completion Events
2019-04-24 16:08:14,535 INFO  [localfetcher#1] reduce.LocalFetcher (LocalFetcher.java:copyMapOutput(144)) - localfetcher#1 about to shuffle output of map attempt_local1516924119_0001_m_000000_0 decomp: 21341484 len: 21341488 to MEMORY
2019-04-24 16:08:14,616 INFO  [main] mapreduce.Job (Job.java:monitorAndPrintJob(1367)) -  map 100% reduce 0%
2019-04-24 16:08:14,636 INFO  [localfetcher#1] reduce.InMemoryMapOutput (InMemoryMapOutput.java:shuffle(100)) - Read 21341484 bytes from map-output for attempt_local1516924119_0001_m_000000_0
2019-04-24 16:08:14,640 INFO  [localfetcher#1] reduce.MergeManagerImpl (MergeManagerImpl.java:closeInMemoryFile(319)) - closeInMemoryFile -> map-output of size: 21341484, inMemoryMapOutputs.size() -> 1, commitMemory -> 0, usedMemory ->21341484
2019-04-24 16:08:14,642 INFO  [EventFetcher for fetching Map Completion Events] reduce.EventFetcher (EventFetcher.java:run(76)) - EventFetcher is interrupted.. Returning
2019-04-24 16:08:14,644 INFO  [pool-3-thread-1] mapred.LocalJobRunner (LocalJobRunner.java:statusUpdate(591)) - 1 / 1 copied.
2019-04-24 16:08:14,644 INFO  [pool-3-thread-1] reduce.MergeManagerImpl (MergeManagerImpl.java:finalMerge(691)) - finalMerge called with 1 in-memory map-outputs and 0 on-disk map-outputs
2019-04-24 16:08:14,667 INFO  [pool-3-thread-1] mapred.Merger (Merger.java:merge(606)) - Merging 1 sorted segments
2019-04-24 16:08:14,668 INFO  [pool-3-thread-1] mapred.Merger (Merger.java:merge(705)) - Down to the last merge-pass, with 1 segments left of total size: 21341480 bytes
2019-04-24 16:08:15,017 INFO  [pool-3-thread-1] reduce.MergeManagerImpl (MergeManagerImpl.java:finalMerge(758)) - Merged 1 segments, 21341484 bytes to disk to satisfy reduce memory limit
2019-04-24 16:08:15,018 INFO  [pool-3-thread-1] reduce.MergeManagerImpl (MergeManagerImpl.java:finalMerge(788)) - Merging 1 files, 21341488 bytes from disk
2019-04-24 16:08:15,019 INFO  [pool-3-thread-1] reduce.MergeManagerImpl (MergeManagerImpl.java:finalMerge(803)) - Merging 0 segments, 0 bytes from memory into reduce
2019-04-24 16:08:15,019 INFO  [pool-3-thread-1] mapred.Merger (Merger.java:merge(606)) - Merging 1 sorted segments
2019-04-24 16:08:15,019 INFO  [pool-3-thread-1] mapred.Merger (Merger.java:merge(705)) - Down to the last merge-pass, with 1 segments left of total size: 21341480 bytes
2019-04-24 16:08:15,020 INFO  [pool-3-thread-1] mapred.LocalJobRunner (LocalJobRunner.java:statusUpdate(591)) - 1 / 1 copied.
2019-04-24 16:08:17,190 INFO  [pool-3-thread-1] mapred.Task (Task.java:done(1046)) - Task:attempt_local1516924119_0001_r_000000_0 is done. And is in the process of committing
2019-04-24 16:08:17,192 INFO  [pool-3-thread-1] mapred.LocalJobRunner (LocalJobRunner.java:statusUpdate(591)) - 1 / 1 copied.
2019-04-24 16:08:17,192 INFO  [pool-3-thread-1] mapred.Task (Task.java:commit(1225)) - Task attempt_local1516924119_0001_r_000000_0 is allowed to commit now
2019-04-24 16:08:17,193 INFO  [pool-3-thread-1] output.FileOutputCommitter (FileOutputCommitter.java:commitTask(535)) - Saved output of task 'attempt_local1516924119_0001_r_000000_0' to file:/home/pda/eclipse-workspace/Project/Test/_temporary/0/task_local1516924119_0001_r_000000
2019-04-24 16:08:17,195 INFO  [pool-3-thread-1] mapred.LocalJobRunner (LocalJobRunner.java:statusUpdate(591)) - reduce > reduce
2019-04-24 16:08:17,195 INFO  [pool-3-thread-1] mapred.Task (Task.java:sendDone(1184)) - Task 'attempt_local1516924119_0001_r_000000_0' done.
2019-04-24 16:08:17,196 INFO  [pool-3-thread-1] mapred.Task (Task.java:done(1080)) - Final Counters for attempt_local1516924119_0001_r_000000_0: Counters: 24
	File System Counters
		FILE: Number of bytes read=63813407
		FILE: Number of bytes written=44579244
		FILE: Number of read operations=0
		FILE: Number of large read operations=0
		FILE: Number of write operations=0
	Map-Reduce Framework
		Combine input records=0
		Combine output records=0
		Reduce input groups=67529
		Reduce shuffle bytes=21341488
		Reduce input records=67529
		Reduce output records=67529
		Spilled Records=67529
		Shuffled Maps =1
		Failed Shuffles=0
		Merged Map outputs=1
		GC time elapsed (ms)=17
		Total committed heap usage (bytes)=395837440
	Shuffle Errors
		BAD_ID=0
		CONNECTION=0
		IO_ERROR=0
		WRONG_LENGTH=0
		WRONG_MAP=0
		WRONG_REDUCE=0
	File Output Format Counters 
		Bytes Written=1680079
2019-04-24 16:08:17,196 INFO  [pool-3-thread-1] mapred.LocalJobRunner (LocalJobRunner.java:run(325)) - Finishing task: attempt_local1516924119_0001_r_000000_0
2019-04-24 16:08:17,197 INFO  [Thread-18] mapred.LocalJobRunner (LocalJobRunner.java:runTasks(456)) - reduce task executor complete.
2019-04-24 16:08:17,634 INFO  [main] mapreduce.Job (Job.java:monitorAndPrintJob(1367)) -  map 100% reduce 100%
2019-04-24 16:08:17,635 INFO  [main] mapreduce.Job (Job.java:monitorAndPrintJob(1378)) - Job job_local1516924119_0001 completed successfully
2019-04-24 16:08:17,651 INFO  [main] mapreduce.Job (Job.java:monitorAndPrintJob(1385)) - Counters: 30
	File System Counters
		FILE: Number of bytes read=84943806
		FILE: Number of bytes written=66136921
		FILE: Number of read operations=0
		FILE: Number of large read operations=0
		FILE: Number of write operations=0
	Map-Reduce Framework
		Map input records=67529
		Map output records=67529
		Map output bytes=21136389
		Map output materialized bytes=21341488
		Input split bytes=101
		Combine input records=0
		Combine output records=0
		Reduce input groups=67529
		Reduce shuffle bytes=21341488
		Reduce input records=67529
		Reduce output records=67529
		Spilled Records=135058
		Shuffled Maps =1
		Failed Shuffles=0
		Merged Map outputs=1
		GC time elapsed (ms)=113
		Total committed heap usage (bytes)=640155648
	Shuffle Errors
		BAD_ID=0
		CONNECTION=0
		IO_ERROR=0
		WRONG_LENGTH=0
		WRONG_MAP=0
		WRONG_REDUCE=0
	File Input Format Counters 
		Bytes Read=21130240
	File Output Format Counters 
		Bytes Written=1680079
